{"numFailedTestSuites":0,"numFailedTests":0,"numPassedTestSuites":16,"numPassedTests":98,"numPendingTestSuites":0,"numPendingTests":0,"numRuntimeErrorTestSuites":0,"numTodoTests":0,"numTotalTestSuites":16,"numTotalTests":98,"openHandles":[],"snapshot":{"added":0,"didUpdate":false,"failure":false,"filesAdded":0,"filesRemoved":0,"filesUnmatched":0,"filesUpdated":0,"matched":0,"total":0,"unchecked":0,"uncheckedKeysByFile":[],"unmatched":0,"updated":0},"startTime":1558000124745,"success":true,"testResults":[{"assertionResults":[{"ancestorTitles":["<Grid>"],"failureMessages":[],"fullName":"<Grid> Should render the correct classNamePrefix component","location":null,"status":"passed","title":"Should render the correct classNamePrefix component"},{"ancestorTitles":["<Grid>"],"failureMessages":[],"fullName":"<Grid> Should render the correct up directin  class","location":null,"status":"passed","title":"Should render the correct up directin  class"},{"ancestorTitles":["<Grid>"],"failureMessages":[],"fullName":"<Grid> Should render the correct up directin  class","location":null,"status":"passed","title":"Should render the correct up directin  class"},{"ancestorTitles":["<Grid>"],"failureMessages":[],"fullName":"<Grid> Should render the correct up direction  class","location":null,"status":"passed","title":"Should render the correct up direction  class"},{"ancestorTitles":["<Grid>"],"failureMessages":[],"fullName":"<Grid> Should render the correct type","location":null,"status":"passed","title":"Should render the correct type"},{"ancestorTitles":["<Grid>"],"failureMessages":[],"fullName":"<Grid> Should render the correct type","location":null,"status":"passed","title":"Should render the correct type"},{"ancestorTitles":["<Grid>"],"failureMessages":[],"fullName":"<Grid> Should render the correct type","location":null,"status":"passed","title":"Should render the correct type"},{"ancestorTitles":["<Grid>"],"failureMessages":[],"fullName":"<Grid> Should render the correct horizontal margin class","location":null,"status":"passed","title":"Should render the correct horizontal margin class"},{"ancestorTitles":["<Grid>"],"failureMessages":[],"fullName":"<Grid> Should render the correct vertical margin class","location":null,"status":"passed","title":"Should render the correct vertical margin class"},{"ancestorTitles":["<Grid>"],"failureMessages":[],"fullName":"<Grid> Should render the correct horizontal padding class","location":null,"status":"passed","title":"Should render the correct horizontal padding class"},{"ancestorTitles":["<Grid>"],"failureMessages":[],"fullName":"<Grid> Should render the correct vertical padding class","location":null,"status":"passed","title":"Should render the correct vertical padding class"}],"endTime":1558000128677,"message":"","name":"/Users/matiasmenker/Projects/ui-components/test/components/Grid.test.js","startTime":1558000127667,"status":"passed","summary":""},{"assertionResults":[{"ancestorTitles":["<FieldGroup>"],"failureMessages":[],"fullName":"<FieldGroup> Should render the classNamePrefix component","location":null,"status":"passed","title":"Should render the classNamePrefix component"},{"ancestorTitles":["<FieldGroup>"],"failureMessages":[],"fullName":"<FieldGroup> Should render correct input and label elements","location":null,"status":"passed","title":"Should render correct input and label elements"},{"ancestorTitles":["<FieldGroup>"],"failureMessages":[],"fullName":"<FieldGroup> Should render correct input type radio","location":null,"status":"passed","title":"Should render correct input type radio"},{"ancestorTitles":["<FieldGroup>"],"failureMessages":[],"fullName":"<FieldGroup> Should render correct input type checkbox","location":null,"status":"passed","title":"Should render correct input type checkbox"},{"ancestorTitles":["<FieldGroup>"],"failureMessages":[],"fullName":"<FieldGroup> Should render correct input radio active","location":null,"status":"passed","title":"Should render correct input radio active"},{"ancestorTitles":["<FieldGroup>"],"failureMessages":[],"fullName":"<FieldGroup> Should render correct input checkbox active","location":null,"status":"passed","title":"Should render correct input checkbox active"},{"ancestorTitles":["<FieldGroup>"],"failureMessages":[],"fullName":"<FieldGroup> Should run changeFunction when change input","location":null,"status":"passed","title":"Should run changeFunction when change input"}],"endTime":1558000128843,"message":"","name":"/Users/matiasmenker/Projects/ui-components/test/components/FieldGroup.test.js","startTime":1558000127652,"status":"passed","summary":""},{"assertionResults":[{"ancestorTitles":["<FieldEditable>"],"failureMessages":[],"fullName":"<FieldEditable> Should render the classNamePrefix component","location":null,"status":"passed","title":"Should render the classNamePrefix component"},{"ancestorTitles":["<FieldEditable>"],"failureMessages":[],"fullName":"<FieldEditable> Should render the buttons with loading active prop","location":null,"status":"passed","title":"Should render the buttons with loading active prop"},{"ancestorTitles":["<FieldEditable>"],"failureMessages":[],"fullName":"<FieldEditable> Should render correct class error","location":null,"status":"passed","title":"Should render correct class error"},{"ancestorTitles":["<FieldEditable>"],"failureMessages":[],"fullName":"<FieldEditable> Shouldn't render the buttons with disabled prop","location":null,"status":"passed","title":"Shouldn't render the buttons with disabled prop"},{"ancestorTitles":["<FieldEditable>"],"failureMessages":[],"fullName":"<FieldEditable> Should have correct editable behavior","location":null,"status":"passed","title":"Should have correct editable behavior"},{"ancestorTitles":["<FieldEditable>"],"failureMessages":[],"fullName":"<FieldEditable> Should have correct onSave behavior","location":null,"status":"passed","title":"Should have correct onSave behavior"},{"ancestorTitles":["<FieldEditable>"],"failureMessages":[],"fullName":"<FieldEditable> Should have correct onClose behavior","location":null,"status":"passed","title":"Should have correct onClose behavior"},{"ancestorTitles":["<FieldEditable>"],"failureMessages":[],"fullName":"<FieldEditable> Should render the autosize field","location":null,"status":"passed","title":"Should render the autosize field"},{"ancestorTitles":["<FieldEditable>"],"failureMessages":[],"fullName":"<FieldEditable> Should have correct enter key down behavior","location":null,"status":"passed","title":"Should have correct enter key down behavior"},{"ancestorTitles":["<FieldEditable>"],"failureMessages":[],"fullName":"<FieldEditable> Should have correct escape key down behavior","location":null,"status":"passed","title":"Should have correct escape key down behavior"}],"endTime":1558000129182,"message":"","name":"/Users/matiasmenker/Projects/ui-components/test/components/FieldEditable.test.js","startTime":1558000127652,"status":"passed","summary":""},{"assertionResults":[{"ancestorTitles":["<Button>"],"failureMessages":[],"fullName":"<Button> Should render the classNamePrefix component","location":null,"status":"passed","title":"Should render the classNamePrefix component"},{"ancestorTitles":["<Button>"],"failureMessages":[],"fullName":"<Button> Should render a button element","location":null,"status":"passed","title":"Should render a button element"},{"ancestorTitles":["<Button>"],"failureMessages":[],"fullName":"<Button> Should pass additional classes","location":null,"status":"passed","title":"Should pass additional classes"},{"ancestorTitles":["<Button>"],"failureMessages":[],"fullName":"<Button> Should render correct text passing by props","location":null,"status":"passed","title":"Should render correct text passing by props"},{"ancestorTitles":["<Button>"],"failureMessages":[],"fullName":"<Button> Should render correct id passing by props","location":null,"status":"passed","title":"Should render correct id passing by props"},{"ancestorTitles":["<Button>"],"failureMessages":[],"fullName":"<Button> Should disabled the button","location":null,"status":"passed","title":"Should disabled the button"},{"ancestorTitles":["<Button>"],"failureMessages":[],"fullName":"<Button> Should render icons elements","location":null,"status":"passed","title":"Should render icons elements"},{"ancestorTitles":["<Button>"],"failureMessages":[],"fullName":"<Button> Should click on the button","location":null,"status":"passed","title":"Should click on the button"}],"endTime":1558000129318,"message":"","name":"/Users/matiasmenker/Projects/ui-components/test/components/Button.test.js","startTime":1558000129011,"status":"passed","summary":""},{"assertionResults":[{"ancestorTitles":["<Pagination>"],"failureMessages":[],"fullName":"<Pagination> Should render the correct classNamePrefix component","location":null,"status":"passed","title":"Should render the correct classNamePrefix component"},{"ancestorTitles":["<Pagination>"],"failureMessages":[],"fullName":"<Pagination> Should render the correct icon left","location":null,"status":"passed","title":"Should render the correct icon left"},{"ancestorTitles":["<Pagination>"],"failureMessages":[],"fullName":"<Pagination> Should has correct class active for item","location":null,"status":"passed","title":"Should has correct class active for item"},{"ancestorTitles":["<Pagination>"],"failureMessages":[],"fullName":"<Pagination> Should has correct class next for item","location":null,"status":"passed","title":"Should has correct class next for item"},{"ancestorTitles":["<Pagination>"],"failureMessages":[],"fullName":"<Pagination> Should has correct class previous for item","location":null,"status":"passed","title":"Should has correct class previous for item"},{"ancestorTitles":["<Pagination>"],"failureMessages":[],"fullName":"<Pagination> Should call correct function on change page","location":null,"status":"passed","title":"Should call correct function on change page"}],"endTime":1558000129568,"message":"","name":"/Users/matiasmenker/Projects/ui-components/test/components/Pagination.test.js","startTime":1558000129084,"status":"passed","summary":""},{"assertionResults":[{"ancestorTitles":["<Card>"],"failureMessages":[],"fullName":"<Card> Should render the correct classNamePrefix component","location":null,"status":"passed","title":"Should render the correct classNamePrefix component"},{"ancestorTitles":["<Card>"],"failureMessages":[],"fullName":"<Card> Should render the correct Icon component","location":null,"status":"passed","title":"Should render the correct Icon component"},{"ancestorTitles":["<Card>"],"failureMessages":[],"fullName":"<Card> Should pass additional classes","location":null,"status":"passed","title":"Should pass additional classes"},{"ancestorTitles":["<Card>"],"failureMessages":[],"fullName":"<Card> Should set correct title","location":null,"status":"passed","title":"Should set correct title"},{"ancestorTitles":["<Card>"],"failureMessages":[],"fullName":"<Card> Should set correct active class","location":null,"status":"passed","title":"Should set correct active class"},{"ancestorTitles":["<Card>"],"failureMessages":[],"fullName":"<Card> Should render element link correct","location":null,"status":"passed","title":"Should render element link correct"},{"ancestorTitles":["<Card>"],"failureMessages":[],"fullName":"<Card> Should click on the card","location":null,"status":"passed","title":"Should click on the card"}],"endTime":1558000129859,"message":"","name":"/Users/matiasmenker/Projects/ui-components/test/components/Card.test.js","startTime":1558000129466,"status":"passed","summary":""},{"assertionResults":[{"ancestorTitles":["<ButtonGroup>"],"failureMessages":[],"fullName":"<ButtonGroup> Should render the classNamePrefix component","location":null,"status":"passed","title":"Should render the classNamePrefix component"},{"ancestorTitles":["<ButtonGroup>"],"failureMessages":[],"fullName":"<ButtonGroup> Should render a button element","location":null,"status":"passed","title":"Should render a button element"},{"ancestorTitles":["<ButtonGroup>"],"failureMessages":[],"fullName":"<ButtonGroup> Should have the class for the position","location":null,"status":"passed","title":"Should have the class for the position"}],"endTime":1558000129988,"message":"","name":"/Users/matiasmenker/Projects/ui-components/test/components/ButtonGroup.test.js","startTime":1558000129612,"status":"passed","summary":""},{"assertionResults":[{"ancestorTitles":["<Icon>"],"failureMessages":[],"fullName":"<Icon> Should render the classNamePrefix component","location":null,"status":"passed","title":"Should render the classNamePrefix component"},{"ancestorTitles":["<Icon>"],"failureMessages":[],"fullName":"<Icon> Should render the element i","location":null,"status":"passed","title":"Should render the element i"},{"ancestorTitles":["<Icon>"],"failureMessages":[],"fullName":"<Icon> Should have size prop on the element","location":null,"status":"passed","title":"Should have size prop on the element"},{"ancestorTitles":["<Icon>"],"failureMessages":[],"fullName":"<Icon> Should have name prop on the element","location":null,"status":"passed","title":"Should have name prop on the element"},{"ancestorTitles":["<Icon>"],"failureMessages":[],"fullName":"<Icon> Should render children string","location":null,"status":"passed","title":"Should render children string"},{"ancestorTitles":["<Icon>"],"failureMessages":[],"fullName":"<Icon> Should render children span","location":null,"status":"passed","title":"Should render children span"}],"endTime":1558000130123,"message":"","name":"/Users/matiasmenker/Projects/ui-components/test/components/Icon.test.js","startTime":1558000129831,"status":"passed","summary":""},{"assertionResults":[{"ancestorTitles":["<Cell>"],"failureMessages":[],"fullName":"<Cell> Should render the correct classNamePrefix component","location":null,"status":"passed","title":"Should render the correct classNamePrefix component"},{"ancestorTitles":["<Cell>"],"failureMessages":[],"fullName":"<Cell> Should render the correct small class","location":null,"status":"passed","title":"Should render the correct small class"},{"ancestorTitles":["<Cell>"],"failureMessages":[],"fullName":"<Cell> Should render the correct medium class","location":null,"status":"passed","title":"Should render the correct medium class"},{"ancestorTitles":["<Cell>"],"failureMessages":[],"fullName":"<Cell> Should render the correct large class","location":null,"status":"passed","title":"Should render the correct large class"},{"ancestorTitles":["<Cell>"],"failureMessages":[],"fullName":"<Cell> Should render the correct auto class","location":null,"status":"passed","title":"Should render the correct auto class"},{"ancestorTitles":["<Cell>"],"failureMessages":[],"fullName":"<Cell> Should render the correct shrink class","location":null,"status":"passed","title":"Should render the correct shrink class"},{"ancestorTitles":["<Cell>"],"failureMessages":[],"fullName":"<Cell> Should render the correct shrink class","location":null,"status":"passed","title":"Should render the correct shrink class"}],"endTime":1558000130478,"message":"","name":"/Users/matiasmenker/Projects/ui-components/test/components/Cell.test.js","startTime":1558000130154,"status":"passed","summary":""},{"assertionResults":[{"ancestorTitles":["<Title>"],"failureMessages":[],"fullName":"<Title> Should render the correct classNamePrefix component","location":null,"status":"passed","title":"Should render the correct classNamePrefix component"},{"ancestorTitles":["<Title>"],"failureMessages":[],"fullName":"<Title> Should render the correct type","location":null,"status":"passed","title":"Should render the correct type"},{"ancestorTitles":["<Title>"],"failureMessages":[],"fullName":"<Title> Should render the correct text","location":null,"status":"passed","title":"Should render the correct text"},{"ancestorTitles":["<Title>"],"failureMessages":[],"fullName":"<Title> Should render the correct line className","location":null,"status":"passed","title":"Should render the correct line className"},{"ancestorTitles":["<Title>"],"failureMessages":[],"fullName":"<Title> Should render Heading component","location":null,"status":"passed","title":"Should render Heading component"}],"endTime":1558000130658,"message":"","name":"/Users/matiasmenker/Projects/ui-components/test/components/Title.test.js","startTime":1558000130242,"status":"passed","summary":""},{"assertionResults":[{"ancestorTitles":["<Loading>"],"failureMessages":[],"fullName":"<Loading> Should render the classNamePrefix component","location":null,"status":"passed","title":"Should render the classNamePrefix component"},{"ancestorTitles":["<Loading>"],"failureMessages":[],"fullName":"<Loading> Should render the Spinner component","location":null,"status":"passed","title":"Should render the Spinner component"},{"ancestorTitles":["<Loading>"],"failureMessages":[],"fullName":"<Loading> Should not render the Spinner component","location":null,"status":"passed","title":"Should not render the Spinner component"},{"ancestorTitles":["<Loading>"],"failureMessages":[],"fullName":"<Loading> Should not render the Spinner and show children","location":null,"status":"passed","title":"Should not render the Spinner and show children"}],"endTime":1558000130739,"message":"","name":"/Users/matiasmenker/Projects/ui-components/test/components/Loading.test.js","startTime":1558000130371,"status":"passed","summary":""},{"assertionResults":[{"ancestorTitles":["<Heading>"],"failureMessages":[],"fullName":"<Heading> Should render the correct classNamePrefix component","location":null,"status":"passed","title":"Should render the correct classNamePrefix component"},{"ancestorTitles":["<Heading>"],"failureMessages":[],"fullName":"<Heading> Should render the correct type","location":null,"status":"passed","title":"Should render the correct type"},{"ancestorTitles":["<Heading>"],"failureMessages":[],"fullName":"<Heading> Should render the correct text","location":null,"status":"passed","title":"Should render the correct text"},{"ancestorTitles":["<Heading>"],"failureMessages":[],"fullName":"<Heading> Should render the correct line className","location":null,"status":"passed","title":"Should render the correct line className"}],"endTime":1558000130824,"message":"","name":"/Users/matiasmenker/Projects/ui-components/test/components/Heading.test.js","startTime":1558000130672,"status":"passed","summary":""},{"assertionResults":[{"ancestorTitles":["<Modal>"],"failureMessages":[],"fullName":"<Modal> Should render the classNamePrefix component","location":null,"status":"passed","title":"Should render the classNamePrefix component"},{"ancestorTitles":["<Modal>"],"failureMessages":[],"fullName":"<Modal> Should render the correct buttons element","location":null,"status":"passed","title":"Should render the correct buttons element"}],"endTime":1558000131913,"message":"","name":"/Users/matiasmenker/Projects/ui-components/test/components/Modal.test.js","startTime":1558000131463,"status":"passed","summary":""},{"assertionResults":[{"ancestorTitles":["<Select>"],"failureMessages":[],"fullName":"<Select> Should render the correct classNamePrefix component","location":null,"status":"passed","title":"Should render the correct classNamePrefix component"},{"ancestorTitles":["<Select>"],"failureMessages":[],"fullName":"<Select> Should render the correct Icon component","location":null,"status":"passed","title":"Should render the correct Icon component"},{"ancestorTitles":["<Select>"],"failureMessages":[],"fullName":"<Select> Should have the isClearable prop to false","location":null,"status":"passed","title":"Should have the isClearable prop to false"}],"endTime":1558000132075,"message":"","name":"/Users/matiasmenker/Projects/ui-components/test/components/Select.test.js","startTime":1558000131470,"status":"passed","summary":""},{"assertionResults":[{"ancestorTitles":["<Spinner>"],"failureMessages":[],"fullName":"<Spinner> Should render the correct classNamePrefix component","location":null,"status":"passed","title":"Should render the correct classNamePrefix component"},{"ancestorTitles":["<Spinner>"],"failureMessages":[],"fullName":"<Spinner> Should render the correct type","location":null,"status":"passed","title":"Should render the correct type"},{"ancestorTitles":["<Spinner>"],"failureMessages":[],"fullName":"<Spinner> Should render the correct prop width","location":null,"status":"passed","title":"Should render the correct prop width"},{"ancestorTitles":["<Spinner>"],"failureMessages":[],"fullName":"<Spinner> Should render the correct prop width","location":null,"status":"passed","title":"Should render the correct prop width"}],"endTime":1558000132301,"message":"","name":"/Users/matiasmenker/Projects/ui-components/test/components/Spinner.test.js","startTime":1558000132129,"status":"passed","summary":""},{"assertionResults":[{"ancestorTitles":["<DatePicker>"],"failureMessages":[],"fullName":"<DatePicker> should render correct number of months","location":null,"status":"passed","title":"should render correct number of months"},{"ancestorTitles":["<DatePicker>"],"failureMessages":[],"fullName":"<DatePicker> should render correct start date id","location":null,"status":"passed","title":"should render correct start date id"},{"ancestorTitles":["<DatePicker>"],"failureMessages":[],"fullName":"<DatePicker> should render correct end date id","location":null,"status":"passed","title":"should render correct end date id"},{"ancestorTitles":["<DatePicker>"],"failureMessages":[],"fullName":"<DatePicker> should render correct day size","location":null,"status":"passed","title":"should render correct day size"},{"ancestorTitles":["<DatePicker>"],"failureMessages":[],"fullName":"<DatePicker> should render correct no border","location":null,"status":"passed","title":"should render correct no border"},{"ancestorTitles":["<DatePicker>"],"failureMessages":[],"fullName":"<DatePicker> should render correct hide keyboard prop","location":null,"status":"passed","title":"should render correct hide keyboard prop"},{"ancestorTitles":["<DatePicker>"],"failureMessages":[],"fullName":"<DatePicker> should not call stateDateWrapper to parse date","location":null,"status":"passed","title":"should not call stateDateWrapper to parse date"},{"ancestorTitles":["<DatePicker>"],"failureMessages":[],"fullName":"<DatePicker> should call stateDateWrapper 1 time to parse date","location":null,"status":"passed","title":"should call stateDateWrapper 1 time to parse date"},{"ancestorTitles":["<DatePicker>"],"failureMessages":[],"fullName":"<DatePicker> should call stateDateWrapper 2 time to parse date","location":null,"status":"passed","title":"should call stateDateWrapper 2 time to parse date"},{"ancestorTitles":["<DatePicker>"],"failureMessages":[],"fullName":"<DatePicker> should have focusedInput correct passing autoFocus","location":null,"status":"passed","title":"should have focusedInput correct passing autoFocus"},{"ancestorTitles":["<DatePicker>"],"failureMessages":[],"fullName":"<DatePicker> should have focusedInput correct passing autoFocusEndDate","location":null,"status":"passed","title":"should have focusedInput correct passing autoFocusEndDate"}],"endTime":1558000132499,"message":"","name":"/Users/matiasmenker/Projects/ui-components/test/components/DatePicker.test.js","startTime":1558000131468,"status":"passed","summary":""}],"wasInterrupted":false,"coverageMap":{}}