{"numFailedTestSuites":0,"numFailedTests":0,"numPassedTestSuites":2,"numPassedTests":14,"numPendingTestSuites":0,"numPendingTests":0,"numRuntimeErrorTestSuites":0,"numTodoTests":0,"numTotalTestSuites":2,"numTotalTests":14,"openHandles":[],"snapshot":{"added":0,"didUpdate":false,"failure":false,"filesAdded":0,"filesRemoved":0,"filesUnmatched":0,"filesUpdated":0,"matched":0,"total":0,"unchecked":0,"uncheckedKeysByFile":[],"unmatched":0,"updated":0},"startTime":1553784065820,"success":true,"testResults":[{"assertionResults":[{"ancestorTitles":["<Button>"],"failureMessages":[],"fullName":"<Button> Should render the classNamePrefix component","location":null,"status":"passed","title":"Should render the classNamePrefix component"},{"ancestorTitles":["<Button>"],"failureMessages":[],"fullName":"<Button> Should render a button element","location":null,"status":"passed","title":"Should render a button element"},{"ancestorTitles":["<Button>"],"failureMessages":[],"fullName":"<Button> Should pass additional classes","location":null,"status":"passed","title":"Should pass additional classes"},{"ancestorTitles":["<Button>"],"failureMessages":[],"fullName":"<Button> Should render correct text passing by props","location":null,"status":"passed","title":"Should render correct text passing by props"},{"ancestorTitles":["<Button>"],"failureMessages":[],"fullName":"<Button> Should render correct id passing by props","location":null,"status":"passed","title":"Should render correct id passing by props"},{"ancestorTitles":["<Button>"],"failureMessages":[],"fullName":"<Button> Should disabled the button","location":null,"status":"passed","title":"Should disabled the button"},{"ancestorTitles":["<Button>"],"failureMessages":[],"fullName":"<Button> Should render icons elements","location":null,"status":"passed","title":"Should render icons elements"},{"ancestorTitles":["<Button>"],"failureMessages":[],"fullName":"<Button> Should click on the button","location":null,"status":"passed","title":"Should click on the button"}],"endTime":1553784068257,"message":"","name":"/Users/matiasmenker/Projects/ui-components/src/test/components/Button.test.js","startTime":1553784067727,"status":"passed","summary":""},{"assertionResults":[{"ancestorTitles":["<Icon>"],"failureMessages":[],"fullName":"<Icon> Should render the classNamePrefix component","location":null,"status":"passed","title":"Should render the classNamePrefix component"},{"ancestorTitles":["<Icon>"],"failureMessages":[],"fullName":"<Icon> Should render the element i","location":null,"status":"passed","title":"Should render the element i"},{"ancestorTitles":["<Icon>"],"failureMessages":[],"fullName":"<Icon> Should have size prop on the element","location":null,"status":"passed","title":"Should have size prop on the element"},{"ancestorTitles":["<Icon>"],"failureMessages":[],"fullName":"<Icon> Should have name prop on the element","location":null,"status":"passed","title":"Should have name prop on the element"},{"ancestorTitles":["<Icon>"],"failureMessages":[],"fullName":"<Icon> Should render children string","location":null,"status":"passed","title":"Should render children string"},{"ancestorTitles":["<Icon>"],"failureMessages":[],"fullName":"<Icon> Should render children span","location":null,"status":"passed","title":"Should render children span"}],"endTime":1553784068508,"message":"","name":"/Users/matiasmenker/Projects/ui-components/src/test/components/Icon.test.js","startTime":1553784068362,"status":"passed","summary":""}],"wasInterrupted":false,"coverageMap":{}}